<?xml version="1.0" encoding="UTF-8"?>
<!-- Generated by org.testng.reporters.JUnitXMLReporter -->
<testsuite hostname="DESKTOP-CBCAH5V" ignored="0" name="Default test" tests="3" failures="0" timestamp="2022-09-17T20:31:18 IST" time="0.151" errors="0">
  <testcase name="Credentials" time="0.013" classname="com.testng.Dataprovider_Concept"/>
  <testcase name="Credentials" time="0.002" classname="com.testng.Dataprovider_Concept"/>
  <testcase name="Credentials" time="0.008" classname="com.testng.Dataprovider_Concept"/>
</testsuite> <!-- Default test -->
