<?xml version="1.0" encoding="UTF-8"?>
<!-- Generated by org.testng.reporters.JUnitXMLReporter -->
<testsuite hostname="DESKTOP-CBCAH5V" ignored="5" name="Test" tests="2" failures="0" timestamp="2022-09-17T21:29:58 IST" time="0.115" errors="0">
  <testcase name="chicken" time="0.017" classname="com.testng.Grouping_Concept"/>
  <testcase name="mutton" time="0.006" classname="com.testng.Grouping_Concept"/>
  <testcase name="apple" time="0.0" classname="com.testng.Grouping_Concept">
    <ignored/>
  </testcase> <!-- apple -->
  <testcase name="carrot" time="0.0" classname="com.testng.Grouping_Concept">
    <ignored/>
  </testcase> <!-- carrot -->
  <testcase name="guava" time="0.0" classname="com.testng.Grouping_Concept">
    <ignored/>
  </testcase> <!-- guava -->
  <testcase name="orange" time="0.0" classname="com.testng.Grouping_Concept">
    <ignored/>
  </testcase> <!-- orange -->
  <testcase name="tomato" time="0.0" classname="com.testng.Grouping_Concept">
    <ignored/>
  </testcase> <!-- tomato -->
</testsuite> <!-- Test -->
