<?xml version="1.0" encoding="UTF-8"?>
<testng-results skipped="0" failed="0" ignored="5" total="7" passed="2">
  <reporter-output>
  </reporter-output>
  <suite name="Suite" duration-ms="115" started-at="2022-09-17T21:29:57 IST" finished-at="2022-09-17T21:29:58 IST">
    <groups>
      <group name="Nonveg">
        <method signature="Grouping_Concept.chicken()[pri:0, instance:com.testng.Grouping_Concept@436e852b]" name="chicken" class="com.testng.Grouping_Concept"/>
        <method signature="Grouping_Concept.mutton()[pri:0, instance:com.testng.Grouping_Concept@436e852b]" name="mutton" class="com.testng.Grouping_Concept"/>
      </group> <!-- Nonveg -->
    </groups>
    <test name="Test" duration-ms="115" started-at="2022-09-17T21:29:57 IST" finished-at="2022-09-17T21:29:58 IST">
      <class name="com.testng.Grouping_Concept">
        <test-method status="PASS" signature="chicken()[pri:0, instance:com.testng.Grouping_Concept@436e852b]" name="chicken" duration-ms="17" started-at="2022-09-17T21:29:58 IST" finished-at="2022-09-17T21:29:58 IST">
          <reporter-output>
          </reporter-output>
        </test-method> <!-- chicken -->
        <test-method status="PASS" signature="mutton()[pri:0, instance:com.testng.Grouping_Concept@436e852b]" name="mutton" duration-ms="6" started-at="2022-09-17T21:29:58 IST" finished-at="2022-09-17T21:29:58 IST">
          <reporter-output>
          </reporter-output>
        </test-method> <!-- mutton -->
      </class> <!-- com.testng.Grouping_Concept -->
    </test> <!-- Test -->
  </suite> <!-- Suite -->
</testng-results>
